# JRE version: Java(TM) SE Runtime Environment (8.0_261-b12) (build 1.8.0_261-b12)
# Java VM: Java HotSpot(TM) 64-Bit Server VM (25.261-b12 mixed mode windows-amd64 compressed oops)
Heap:
 PSYoungGen      total 107008K, used 75292K [0x000000076ab00000, 0x0000000773e00000, 0x00000007c0000000)
  eden space 91136K, 67% used [0x000000076ab00000,0x000000076e6ddd38,0x0000000770400000)
  from space 15872K, 88% used [0x0000000770400000,0x00000007711a9320,0x0000000771380000)
  to   space 16384K, 0% used [0x0000000772e00000,0x0000000772e00000,0x0000000773e00000)
 ParOldGen       total 91648K, used 18167K [0x00000006c0000000, 0x00000006c5980000, 0x000000076ab00000)
  object space 91648K, 19% used [0x00000006c0000000,0x00000006c11bdfb8,0x00000006c5980000)
 Metaspace       used 25880K, capacity 26558K, committed 26752K, reserved 1073152K
  class space    used 2944K, capacity 3128K, committed 3200K, reserved 1048576K
GC Heap History (10 events):
Event: 4.623 GC heap before
{Heap before GC invocations=4 (full 0):
 PSYoungGen      total 56832K, used 56800K [0x000000076ab00000, 0x000000076ea00000, 0x00000007c0000000)
  eden space 49152K, 100% used [0x000000076ab00000,0x000000076db00000,0x000000076db00000)
  from space 7680K, 99% used [0x000000076db00000,0x000000076e278020,0x000000076e280000)
  to   space 7680K, 0% used [0x000000076e280000,0x000000076e280000,0x000000076ea00000)
 ParOldGen       total 130048K, used 6243K [0x00000006c0000000, 0x00000006c7f00000, 0x000000076ab00000)
  object space 130048K, 4% used [0x00000006c0000000,0x00000006c0618f30,0x00000006c7f00000)
 Metaspace       used 17320K, capacity 17774K, committed 18048K, reserved 1064960K
  class space    used 2010K, capacity 2127K, committed 2176K, reserved 1048576K
Event: 4.633 GC heap after
Heap after GC invocations=4 (full 0):
 PSYoungGen      total 56832K, used 7648K [0x000000076ab00000, 0x000000076ea00000, 0x00000007c0000000)
  eden space 49152K, 0% used [0x000000076ab00000,0x000000076ab00000,0x000000076db00000)
  from space 7680K, 99% used [0x000000076e280000,0x000000076e9f8020,0x000000076ea00000)
  to   space 7680K, 0% used [0x000000076db00000,0x000000076db00000,0x000000076e280000)
 ParOldGen       total 130048K, used 9572K [0x00000006c0000000, 0x00000006c7f00000, 0x000000076ab00000)
  object space 130048K, 7% used [0x00000006c0000000,0x00000006c0959198,0x00000006c7f00000)
 Metaspace       used 17320K, capacity 17774K, committed 18048K, reserved 1064960K
  class space    used 2010K, capacity 2127K, committed 2176K, reserved 1048576K
}
Event: 5.073 GC heap before
{Heap before GC invocations=5 (full 0):
 PSYoungGen      total 56832K, used 28527K [0x000000076ab00000, 0x000000076ea00000, 0x00000007c0000000)
  eden space 49152K, 42% used [0x000000076ab00000,0x000000076bf63f40,0x000000076db00000)
  from space 7680K, 99% used [0x000000076e280000,0x000000076e9f8020,0x000000076ea00000)
  to   space 7680K, 0% used [0x000000076db00000,0x000000076db00000,0x000000076e280000)
 ParOldGen       total 130048K, used 9572K [0x00000006c0000000, 0x00000006c7f00000, 0x000000076ab00000)
  object space 130048K, 7% used [0x00000006c0000000,0x00000006c0959198,0x00000006c7f00000)
 Metaspace       used 20627K, capacity 21138K, committed 21296K, reserved 1069056K
  class space    used 2470K, capacity 2655K, committed 2688K, reserved 1048576K
Event: 5.081 GC heap after
Heap after GC invocations=5 (full 0):
 PSYoungGen      total 56832K, used 7649K [0x000000076ab00000, 0x0000000772300000, 0x00000007c0000000)
  eden space 49152K, 0% used [0x000000076ab00000,0x000000076ab00000,0x000000076db00000)
  from space 7680K, 99% used [0x000000076db00000,0x000000076e278640,0x000000076e280000)
  to   space 12288K, 0% used [0x0000000771700000,0x0000000771700000,0x0000000772300000)
 ParOldGen       total 130048K, used 11409K [0x00000006c0000000, 0x00000006c7f00000, 0x000000076ab00000)
  object space 130048K, 8% used [0x00000006c0000000,0x00000006c0b24420,0x00000006c7f00000)
 Metaspace       used 20627K, capacity 21138K, committed 21296K, reserved 1069056K
  class space    used 2470K, capacity 2655K, committed 2688K, reserved 1048576K
}
Event: 5.081 GC heap before
{Heap before GC invocations=6 (full 1):
 PSYoungGen      total 56832K, used 7649K [0x000000076ab00000, 0x0000000772300000, 0x00000007c0000000)
  eden space 49152K, 0% used [0x000000076ab00000,0x000000076ab00000,0x000000076db00000)
  from space 7680K, 99% used [0x000000076db00000,0x000000076e278640,0x000000076e280000)
  to   space 12288K, 0% used [0x0000000771700000,0x0000000771700000,0x0000000772300000)
 ParOldGen       total 130048K, used 11409K [0x00000006c0000000, 0x00000006c7f00000, 0x000000076ab00000)
  object space 130048K, 8% used [0x00000006c0000000,0x00000006c0b24420,0x00000006c7f00000)
 Metaspace       used 20627K, capacity 21138K, committed 21296K, reserved 1069056K
  class space    used 2470K, capacity 2655K, committed 2688K, reserved 1048576K
Event: 5.130 GC heap after
Heap after GC invocations=6 (full 1):
 PSYoungGen      total 56832K, used 0K [0x000000076ab00000, 0x0000000772300000, 0x00000007c0000000)
  eden space 49152K, 0% used [0x000000076ab00000,0x000000076ab00000,0x000000076db00000)
  from space 7680K, 0% used [0x000000076db00000,0x000000076db00000,0x000000076e280000)
  to   space 12288K, 0% used [0x0000000771700000,0x0000000771700000,0x0000000772300000)
 ParOldGen       total 91648K, used 13994K [0x00000006c0000000, 0x00000006c5980000, 0x000000076ab00000)
  object space 91648K, 15% used [0x00000006c0000000,0x00000006c0daa8e8,0x00000006c5980000)
 Metaspace       used 20627K, capacity 21138K, committed 21296K, reserved 1069056K
  class space    used 2470K, capacity 2655K, committed 2688K, reserved 1048576K
}
Event: 6.081 GC heap before
{Heap before GC invocations=7 (full 1):
 PSYoungGen      total 56832K, used 49152K [0x000000076ab00000, 0x0000000772300000, 0x00000007c0000000)
  eden space 49152K, 100% used [0x000000076ab00000,0x000000076db00000,0x000000076db00000)
  from space 7680K, 0% used [0x000000076db00000,0x000000076db00000,0x000000076e280000)
  to   space 12288K, 0% used [0x0000000771700000,0x0000000771700000,0x0000000772300000)
 ParOldGen       total 91648K, used 13994K [0x00000006c0000000, 0x00000006c5980000, 0x000000076ab00000)
  object space 91648K, 15% used [0x00000006c0000000,0x00000006c0daa8e8,0x00000006c5980000)
 Metaspace       used 22202K, capacity 22674K, committed 22960K, reserved 1069056K
  class space    used 2584K, capacity 2719K, committed 2816K, reserved 1048576K
Event: 6.095 GC heap after
Heap after GC invocations=7 (full 1):
 PSYoungGen      total 88064K, used 12284K [0x000000076ab00000, 0x0000000772300000, 0x00000007c0000000)
  eden space 75776K, 0% used [0x000000076ab00000,0x000000076ab00000,0x000000076f500000)
  from space 12288K, 99% used [0x0000000771700000,0x00000007722ff2c0,0x0000000772300000)
  to   space 15872K, 0% used [0x0000000770400000,0x0000000770400000,0x0000000771380000)
 ParOldGen       total 91648K, used 18159K [0x00000006c0000000, 0x00000006c5980000, 0x000000076ab00000)
  object space 91648K, 19% used [0x00000006c0000000,0x00000006c11bbfb8,0x00000006c5980000)
 Metaspace       used 22202K, capacity 22674K, committed 22960K, reserved 1069056K
  class space    used 2584K, capacity 2719K, committed 2816K, reserved 1048576K
}
Event: 6.929 GC heap before
{Heap before GC invocations=8 (full 1):
 PSYoungGen      total 88064K, used 88060K [0x000000076ab00000, 0x0000000772300000, 0x00000007c0000000)
  eden space 75776K, 100% used [0x000000076ab00000,0x000000076f500000,0x000000076f500000)
  from space 12288K, 99% used [0x0000000771700000,0x00000007722ff2c0,0x0000000772300000)
  to   space 15872K, 0% used [0x0000000770400000,0x0000000770400000,0x0000000771380000)
 ParOldGen       total 91648K, used 18159K [0x00000006c0000000, 0x00000006c5980000, 0x000000076ab00000)
  object space 91648K, 19% used [0x00000006c0000000,0x00000006c11bbfb8,0x00000006c5980000)
 Metaspace       used 23843K, capacity 24306K, committed 24448K, reserved 1071104K
  class space    used 2708K, capacity 2879K, committed 2944K, reserved 1048576K
Event: 6.941 GC heap after
Heap after GC invocations=8 (full 1):
 PSYoungGen      total 107008K, used 13988K [0x000000076ab00000, 0x0000000773e00000, 0x00000007c0000000)
  eden space 91136K, 0% used [0x000000076ab00000,0x000000076ab00000,0x0000000770400000)
  from space 15872K, 88% used [0x0000000770400000,0x00000007711a9320,0x0000000771380000)
  to   space 16384K, 0% used [0x0000000772e00000,0x0000000772e00000,0x0000000773e00000)
 ParOldGen       total 91648K, used 18167K [0x00000006c0000000, 0x00000006c5980000, 0x000000076ab00000)
  object space 91648K, 19% used [0x00000006c0000000,0x00000006c11bdfb8,0x00000006c5980000)
 Metaspace       used 23843K, capacity 24306K, committed 24448K, reserved 1071104K
  class space    used 2708K, capacity 2879K, committed 2944K, reserved 1048576K
}

