# JRE version: Java(TM) SE Runtime Environment (8.0_261-b12) (build 1.8.0_261-b12)
# Java VM: Java HotSpot(TM) 64-Bit Server VM (25.261-b12 mixed mode windows-amd64 compressed oops)
Heap:
 PSYoungGen      total 120320K, used 67543K [0x000000076ab00000, 0x0000000773180000, 0x00000007c0000000)
  eden space 102400K, 65% used [0x000000076ab00000,0x000000076ecf5c40,0x0000000770f00000)
  from space 17920K, 0% used [0x0000000772000000,0x0000000772000000,0x0000000773180000)
  to   space 17408K, 0% used [0x0000000770f00000,0x0000000770f00000,0x0000000772000000)
 ParOldGen       total 152064K, used 33170K [0x00000006c0000000, 0x00000006c9480000, 0x000000076ab00000)
  object space 152064K, 21% used [0x00000006c0000000,0x00000006c2064ba0,0x00000006c9480000)
 Metaspace       used 41340K, capacity 42284K, committed 42624K, reserved 1087488K
  class space    used 4902K, capacity 5167K, committed 5248K, reserved 1048576K
GC Heap History (10 events):
Event: 7.419 GC heap before
{Heap before GC invocations=8 (full 1):
 PSYoungGen      total 57856K, used 57853K [0x000000076ab00000, 0x0000000771680000, 0x00000007c0000000)
  eden space 45056K, 100% used [0x000000076ab00000,0x000000076d700000,0x000000076d700000)
  from space 12800K, 99% used [0x000000076e680000,0x000000076f2ff770,0x000000076f300000)
  to   space 15872K, 0% used [0x000000076d700000,0x000000076d700000,0x000000076e680000)
 ParOldGen       total 89088K, used 17239K [0x00000006c0000000, 0x00000006c5700000, 0x000000076ab00000)
  object space 89088K, 19% used [0x00000006c0000000,0x00000006c10d5f08,0x00000006c5700000)
 Metaspace       used 23455K, capacity 23944K, committed 24064K, reserved 1071104K
  class space    used 2665K, capacity 2804K, committed 2816K, reserved 1048576K
Event: 7.424 GC heap after
Heap after GC invocations=8 (full 1):
 PSYoungGen      total 60928K, used 14257K [0x000000076ab00000, 0x0000000771400000, 0x00000007c0000000)
  eden space 45056K, 0% used [0x000000076ab00000,0x000000076ab00000,0x000000076d700000)
  from space 15872K, 89% used [0x000000076d700000,0x000000076e4ec5b0,0x000000076e680000)
  to   space 16896K, 0% used [0x0000000770380000,0x0000000770380000,0x0000000771400000)
 ParOldGen       total 89088K, used 17247K [0x00000006c0000000, 0x00000006c5700000, 0x000000076ab00000)
  object space 89088K, 19% used [0x00000006c0000000,0x00000006c10d7f08,0x00000006c5700000)
 Metaspace       used 23455K, capacity 23944K, committed 24064K, reserved 1071104K
  class space    used 2665K, capacity 2804K, committed 2816K, reserved 1048576K
}
Event: 7.855 GC heap before
{Heap before GC invocations=9 (full 1):
 PSYoungGen      total 60928K, used 59313K [0x000000076ab00000, 0x0000000771400000, 0x00000007c0000000)
  eden space 45056K, 100% used [0x000000076ab00000,0x000000076d700000,0x000000076d700000)
  from space 15872K, 89% used [0x000000076d700000,0x000000076e4ec5b0,0x000000076e680000)
  to   space 16896K, 0% used [0x0000000770380000,0x0000000770380000,0x0000000771400000)
 ParOldGen       total 89088K, used 17247K [0x00000006c0000000, 0x00000006c5700000, 0x000000076ab00000)
  object space 89088K, 19% used [0x00000006c0000000,0x00000006c10d7f08,0x00000006c5700000)
 Metaspace       used 23683K, capacity 24244K, committed 24448K, reserved 1071104K
  class space    used 2676K, capacity 2838K, committed 2944K, reserved 1048576K
Event: 7.864 GC heap after
Heap after GC invocations=9 (full 1):
 PSYoungGen      total 89600K, used 15592K [0x000000076ab00000, 0x0000000771800000, 0x00000007c0000000)
  eden space 72704K, 0% used [0x000000076ab00000,0x000000076ab00000,0x000000076f200000)
  from space 16896K, 92% used [0x0000000770380000,0x00000007712ba050,0x0000000771400000)
  to   space 17920K, 0% used [0x000000076f200000,0x000000076f200000,0x0000000770380000)
 ParOldGen       total 89088K, used 17255K [0x00000006c0000000, 0x00000006c5700000, 0x000000076ab00000)
  object space 89088K, 19% used [0x00000006c0000000,0x00000006c10d9f08,0x00000006c5700000)
 Metaspace       used 23683K, capacity 24244K, committed 24448K, reserved 1071104K
  class space    used 2676K, capacity 2838K, committed 2944K, reserved 1048576K
}
Event: 9.005 GC heap before
{Heap before GC invocations=10 (full 1):
 PSYoungGen      total 89600K, used 88296K [0x000000076ab00000, 0x0000000771800000, 0x00000007c0000000)
  eden space 72704K, 100% used [0x000000076ab00000,0x000000076f200000,0x000000076f200000)
  from space 16896K, 92% used [0x0000000770380000,0x00000007712ba050,0x0000000771400000)
  to   space 17920K, 0% used [0x000000076f200000,0x000000076f200000,0x0000000770380000)
 ParOldGen       total 89088K, used 17255K [0x00000006c0000000, 0x00000006c5700000, 0x000000076ab00000)
  object space 89088K, 19% used [0x00000006c0000000,0x00000006c10d9f08,0x00000006c5700000)
 Metaspace       used 27330K, capacity 28062K, committed 28288K, reserved 1075200K
  class space    used 3186K, capacity 3381K, committed 3456K, reserved 1048576K
Event: 9.016 GC heap after
Heap after GC invocations=10 (full 1):
 PSYoungGen      total 90624K, used 9528K [0x000000076ab00000, 0x0000000773180000, 0x00000007c0000000)
  eden space 72704K, 0% used [0x000000076ab00000,0x000000076ab00000,0x000000076f200000)
  from space 17920K, 53% used [0x000000076f200000,0x000000076fb4e3a8,0x0000000770380000)
  to   space 17920K, 0% used [0x0000000772000000,0x0000000772000000,0x0000000773180000)
 ParOldGen       total 89088K, used 29317K [0x00000006c0000000, 0x00000006c5700000, 0x000000076ab00000)
  object space 89088K, 32% used [0x00000006c0000000,0x00000006c1ca17e8,0x00000006c5700000)
 Metaspace       used 27330K, capacity 28062K, committed 28288K, reserved 1075200K
  class space    used 3186K, capacity 3381K, committed 3456K, reserved 1048576K
}
Event: 9.435 GC heap before
{Heap before GC invocations=11 (full 1):
 PSYoungGen      total 90624K, used 73188K [0x000000076ab00000, 0x0000000773180000, 0x00000007c0000000)
  eden space 72704K, 87% used [0x000000076ab00000,0x000000076e92afe0,0x000000076f200000)
  from space 17920K, 53% used [0x000000076f200000,0x000000076fb4e3a8,0x0000000770380000)
  to   space 17920K, 0% used [0x0000000772000000,0x0000000772000000,0x0000000773180000)
 ParOldGen       total 89088K, used 29317K [0x00000006c0000000, 0x00000006c5700000, 0x000000076ab00000)
  object space 89088K, 32% used [0x00000006c0000000,0x00000006c1ca17e8,0x00000006c5700000)
 Metaspace       used 34610K, capacity 35294K, committed 35496K, reserved 1081344K
  class space    used 4075K, capacity 4277K, committed 4352K, reserved 1048576K
Event: 9.442 GC heap after
Heap after GC invocations=11 (full 1):
 PSYoungGen      total 120320K, used 9953K [0x000000076ab00000, 0x0000000773180000, 0x00000007c0000000)
  eden space 102400K, 0% used [0x000000076ab00000,0x000000076ab00000,0x0000000770f00000)
  from space 17920K, 55% used [0x0000000772000000,0x00000007729b86a0,0x0000000773180000)
  to   space 17408K, 0% used [0x0000000770f00000,0x0000000770f00000,0x0000000772000000)
 ParOldGen       total 89088K, used 32211K [0x00000006c0000000, 0x00000006c5700000, 0x000000076ab00000)
  object space 89088K, 36% used [0x00000006c0000000,0x00000006c1f74c68,0x00000006c5700000)
 Metaspace       used 34610K, capacity 35294K, committed 35496K, reserved 1081344K
  class space    used 4075K, capacity 4277K, committed 4352K, reserved 1048576K
}
Event: 9.442 GC heap before
{Heap before GC invocations=12 (full 2):
 PSYoungGen      total 120320K, used 9953K [0x000000076ab00000, 0x0000000773180000, 0x00000007c0000000)
  eden space 102400K, 0% used [0x000000076ab00000,0x000000076ab00000,0x0000000770f00000)
  from space 17920K, 55% used [0x0000000772000000,0x00000007729b86a0,0x0000000773180000)
  to   space 17408K, 0% used [0x0000000770f00000,0x0000000770f00000,0x0000000772000000)
 ParOldGen       total 89088K, used 32211K [0x00000006c0000000, 0x00000006c5700000, 0x000000076ab00000)
  object space 89088K, 36% used [0x00000006c0000000,0x00000006c1f74c68,0x00000006c5700000)
 Metaspace       used 34610K, capacity 35294K, committed 35496K, reserved 1081344K
  class space    used 4075K, capacity 4277K, committed 4352K, reserved 1048576K
Event: 9.534 GC heap after
Heap after GC invocations=12 (full 2):
 PSYoungGen      total 120320K, used 0K [0x000000076ab00000, 0x0000000773180000, 0x00000007c0000000)
  eden space 102400K, 0% used [0x000000076ab00000,0x000000076ab00000,0x0000000770f00000)
  from space 17920K, 0% used [0x0000000772000000,0x0000000772000000,0x0000000773180000)
  to   space 17408K, 0% used [0x0000000770f00000,0x0000000770f00000,0x0000000772000000)
 ParOldGen       total 152064K, used 33170K [0x00000006c0000000, 0x00000006c9480000, 0x000000076ab00000)
  object space 152064K, 21% used [0x00000006c0000000,0x00000006c2064ba0,0x00000006c9480000)
 Metaspace       used 34610K, capacity 35294K, committed 35496K, reserved 1081344K
  class space    used 4075K, capacity 4277K, committed 4352K, reserved 1048576K
}

