# JRE version: Java(TM) SE Runtime Environment (8.0_261-b12) (build 1.8.0_261-b12)
# Java VM: Java HotSpot(TM) 64-Bit Server VM (25.261-b12 mixed mode windows-amd64 compressed oops)
Heap:
 PSYoungGen      total 84992K, used 44246K [0x000000076ab00000, 0x0000000772980000, 0x00000007c0000000)
  eden space 67584K, 65% used [0x000000076ab00000,0x000000076d635840,0x000000076ed00000)
  from space 17408K, 0% used [0x000000076ed00000,0x000000076ed00000,0x000000076fe00000)
  to   space 20992K, 0% used [0x0000000771500000,0x0000000771500000,0x0000000772980000)
 ParOldGen       total 171008K, used 36381K [0x00000006c0000000, 0x00000006ca700000, 0x000000076ab00000)
  object space 171008K, 21% used [0x00000006c0000000,0x00000006c2387400,0x00000006ca700000)
 Metaspace       used 38965K, capacity 39668K, committed 39808K, reserved 1083392K
  class space    used 4714K, capacity 4917K, committed 4992K, reserved 1048576K
GC Heap History (10 events):
Event: 3.662 GC heap before
{Heap before GC invocations=7 (full 1):
 PSYoungGen      total 55808K, used 48128K [0x000000076ab00000, 0x000000076f300000, 0x00000007c0000000)
  eden space 48128K, 100% used [0x000000076ab00000,0x000000076da00000,0x000000076da00000)
  from space 7680K, 0% used [0x000000076db00000,0x000000076db00000,0x000000076e280000)
  to   space 12800K, 0% used [0x000000076e680000,0x000000076e680000,0x000000076f300000)
 ParOldGen       total 97792K, used 14767K [0x00000006c0000000, 0x00000006c5f80000, 0x000000076ab00000)
  object space 97792K, 15% used [0x00000006c0000000,0x00000006c0e6bcc8,0x00000006c5f80000)
 Metaspace       used 21447K, capacity 21960K, committed 22064K, reserved 1069056K
  class space    used 2530K, capacity 2676K, committed 2688K, reserved 1048576K
Event: 3.668 GC heap after
Heap after GC invocations=7 (full 1):
 PSYoungGen      total 61440K, used 9828K [0x000000076ab00000, 0x0000000770780000, 0x00000007c0000000)
  eden space 48640K, 0% used [0x000000076ab00000,0x000000076ab00000,0x000000076da80000)
  from space 12800K, 76% used [0x000000076e680000,0x000000076f019130,0x000000076f300000)
  to   space 12288K, 0% used [0x000000076da80000,0x000000076da80000,0x000000076e680000)
 ParOldGen       total 97792K, used 14775K [0x00000006c0000000, 0x00000006c5f80000, 0x000000076ab00000)
  object space 97792K, 15% used [0x00000006c0000000,0x00000006c0e6dcc8,0x00000006c5f80000)
 Metaspace       used 21447K, capacity 21960K, committed 22064K, reserved 1069056K
  class space    used 2530K, capacity 2676K, committed 2688K, reserved 1048576K
}
Event: 4.366 GC heap before
{Heap before GC invocations=8 (full 1):
 PSYoungGen      total 61440K, used 58468K [0x000000076ab00000, 0x0000000770780000, 0x00000007c0000000)
  eden space 48640K, 100% used [0x000000076ab00000,0x000000076da80000,0x000000076da80000)
  from space 12800K, 76% used [0x000000076e680000,0x000000076f019130,0x000000076f300000)
  to   space 12288K, 0% used [0x000000076da80000,0x000000076da80000,0x000000076e680000)
 ParOldGen       total 97792K, used 14775K [0x00000006c0000000, 0x00000006c5f80000, 0x000000076ab00000)
  object space 97792K, 15% used [0x00000006c0000000,0x00000006c0e6dcc8,0x00000006c5f80000)
 Metaspace       used 22995K, capacity 23564K, committed 23936K, reserved 1071104K
  class space    used 2678K, capacity 2842K, committed 2944K, reserved 1048576K
Event: 4.372 GC heap after
Heap after GC invocations=8 (full 1):
 PSYoungGen      total 60928K, used 12274K [0x000000076ab00000, 0x0000000770c80000, 0x00000007c0000000)
  eden space 48640K, 0% used [0x000000076ab00000,0x000000076ab00000,0x000000076da80000)
  from space 12288K, 99% used [0x000000076da80000,0x000000076e67c878,0x000000076e680000)
  to   space 14848K, 0% used [0x000000076fe00000,0x000000076fe00000,0x0000000770c80000)
 ParOldGen       total 97792K, used 17943K [0x00000006c0000000, 0x00000006c5f80000, 0x000000076ab00000)
  object space 97792K, 18% used [0x00000006c0000000,0x00000006c1185f58,0x00000006c5f80000)
 Metaspace       used 22995K, capacity 23564K, committed 23936K, reserved 1071104K
  class space    used 2678K, capacity 2842K, committed 2944K, reserved 1048576K
}
Event: 5.373 GC heap before
{Heap before GC invocations=9 (full 1):
 PSYoungGen      total 60928K, used 60908K [0x000000076ab00000, 0x0000000770c80000, 0x00000007c0000000)
  eden space 48640K, 99% used [0x000000076ab00000,0x000000076da7eb58,0x000000076da80000)
  from space 12288K, 99% used [0x000000076da80000,0x000000076e67c878,0x000000076e680000)
  to   space 14848K, 0% used [0x000000076fe00000,0x000000076fe00000,0x0000000770c80000)
 ParOldGen       total 97792K, used 17943K [0x00000006c0000000, 0x00000006c5f80000, 0x000000076ab00000)
  object space 97792K, 18% used [0x00000006c0000000,0x00000006c1185f58,0x00000006c5f80000)
 Metaspace       used 26021K, capacity 26686K, committed 26880K, reserved 1073152K
  class space    used 3107K, capacity 3285K, committed 3328K, reserved 1048576K
Event: 5.383 GC heap after
Heap after GC invocations=9 (full 1):
 PSYoungGen      total 82432K, used 14833K [0x000000076ab00000, 0x0000000771180000, 0x00000007c0000000)
  eden space 67584K, 0% used [0x000000076ab00000,0x000000076ab00000,0x000000076ed00000)
  from space 14848K, 99% used [0x000000076fe00000,0x0000000770c7c488,0x0000000770c80000)
  to   space 17408K, 0% used [0x000000076ed00000,0x000000076ed00000,0x000000076fe00000)
 ParOldGen       total 97792K, used 21115K [0x00000006c0000000, 0x00000006c5f80000, 0x000000076ab00000)
  object space 97792K, 21% used [0x00000006c0000000,0x00000006c149ec18,0x00000006c5f80000)
 Metaspace       used 26021K, capacity 26686K, committed 26880K, reserved 1073152K
  class space    used 3107K, capacity 3285K, committed 3328K, reserved 1048576K
}
Event: 5.883 GC heap before
{Heap before GC invocations=10 (full 1):
 PSYoungGen      total 82432K, used 82180K [0x000000076ab00000, 0x0000000771180000, 0x00000007c0000000)
  eden space 67584K, 99% used [0x000000076ab00000,0x000000076ecc4bf0,0x000000076ed00000)
  from space 14848K, 99% used [0x000000076fe00000,0x0000000770c7c488,0x0000000770c80000)
  to   space 17408K, 0% used [0x000000076ed00000,0x000000076ed00000,0x000000076fe00000)
 ParOldGen       total 97792K, used 21115K [0x00000006c0000000, 0x00000006c5f80000, 0x000000076ab00000)
  object space 97792K, 21% used [0x00000006c0000000,0x00000006c149ec18,0x00000006c5f80000)
 Metaspace       used 34595K, capacity 35294K, committed 35496K, reserved 1081344K
  class space    used 4150K, capacity 4341K, committed 4352K, reserved 1048576K
Event: 5.893 GC heap after
Heap after GC invocations=10 (full 1):
 PSYoungGen      total 84992K, used 17388K [0x000000076ab00000, 0x0000000772980000, 0x00000007c0000000)
  eden space 67584K, 0% used [0x000000076ab00000,0x000000076ab00000,0x000000076ed00000)
  from space 17408K, 99% used [0x000000076ed00000,0x000000076fdfb2b8,0x000000076fe00000)
  to   space 20992K, 0% used [0x0000000771500000,0x0000000771500000,0x0000000772980000)
 ParOldGen       total 97792K, used 25681K [0x00000006c0000000, 0x00000006c5f80000, 0x000000076ab00000)
  object space 97792K, 26% used [0x00000006c0000000,0x00000006c1914560,0x00000006c5f80000)
 Metaspace       used 34595K, capacity 35294K, committed 35496K, reserved 1081344K
  class space    used 4150K, capacity 4341K, committed 4352K, reserved 1048576K
}
Event: 5.893 GC heap before
{Heap before GC invocations=11 (full 2):
 PSYoungGen      total 84992K, used 17388K [0x000000076ab00000, 0x0000000772980000, 0x00000007c0000000)
  eden space 67584K, 0% used [0x000000076ab00000,0x000000076ab00000,0x000000076ed00000)
  from space 17408K, 99% used [0x000000076ed00000,0x000000076fdfb2b8,0x000000076fe00000)
  to   space 20992K, 0% used [0x0000000771500000,0x0000000771500000,0x0000000772980000)
 ParOldGen       total 97792K, used 25681K [0x00000006c0000000, 0x00000006c5f80000, 0x000000076ab00000)
  object space 97792K, 26% used [0x00000006c0000000,0x00000006c1914560,0x00000006c5f80000)
 Metaspace       used 34595K, capacity 35294K, committed 35496K, reserved 1081344K
  class space    used 4150K, capacity 4341K, committed 4352K, reserved 1048576K
Event: 5.979 GC heap after
Heap after GC invocations=11 (full 2):
 PSYoungGen      total 84992K, used 0K [0x000000076ab00000, 0x0000000772980000, 0x00000007c0000000)
  eden space 67584K, 0% used [0x000000076ab00000,0x000000076ab00000,0x000000076ed00000)
  from space 17408K, 0% used [0x000000076ed00000,0x000000076ed00000,0x000000076fe00000)
  to   space 20992K, 0% used [0x0000000771500000,0x0000000771500000,0x0000000772980000)
 ParOldGen       total 171008K, used 36381K [0x00000006c0000000, 0x00000006ca700000, 0x000000076ab00000)
  object space 171008K, 21% used [0x00000006c0000000,0x00000006c2387400,0x00000006ca700000)
 Metaspace       used 34595K, capacity 35294K, committed 35496K, reserved 1081344K
  class space    used 4150K, capacity 4341K, committed 4352K, reserved 1048576K
}

