# JRE version: Java(TM) SE Runtime Environment (8.0_261-b12) (build 1.8.0_261-b12)
# Java VM: Java HotSpot(TM) 64-Bit Server VM (25.261-b12 mixed mode windows-amd64 compressed oops)
Heap:
 PSYoungGen      total 150016K, used 50071K [0x000000076ab00000, 0x0000000775b80000, 0x00000007c0000000)
  eden space 130048K, 38% used [0x000000076ab00000,0x000000076dbe5f18,0x0000000772a00000)
  from space 19968K, 0% used [0x0000000773d00000,0x0000000773d00000,0x0000000775080000)
  to   space 19456K, 0% used [0x0000000772a00000,0x0000000772a00000,0x0000000773d00000)
 ParOldGen       total 162304K, used 32640K [0x00000006c0000000, 0x00000006c9e80000, 0x000000076ab00000)
  object space 162304K, 20% used [0x00000006c0000000,0x00000006c1fe0148,0x00000006c9e80000)
 Metaspace       used 39752K, capacity 40558K, committed 40704K, reserved 1085440K
  class space    used 4805K, capacity 5042K, committed 5120K, reserved 1048576K
GC Heap History (10 events):
Event: 2.897 GC heap before
{Heap before GC invocations=6 (full 1):
 PSYoungGen      total 105984K, used 7664K [0x000000076ab00000, 0x0000000771a00000, 0x00000007c0000000)
  eden space 98304K, 0% used [0x000000076ab00000,0x000000076ab00000,0x0000000770b00000)
  from space 7680K, 99% used [0x0000000770b00000,0x000000077127c070,0x0000000771280000)
  to   space 7680K, 0% used [0x0000000771280000,0x0000000771280000,0x0000000771a00000)
 ParOldGen       total 130048K, used 12635K [0x00000006c0000000, 0x00000006c7f00000, 0x000000076ab00000)
  object space 130048K, 9% used [0x00000006c0000000,0x00000006c0c56fb8,0x00000006c7f00000)
 Metaspace       used 20617K, capacity 21128K, committed 21296K, reserved 1069056K
  class space    used 2447K, capacity 2612K, committed 2688K, reserved 1048576K
Event: 2.936 GC heap after
Heap after GC invocations=6 (full 1):
 PSYoungGen      total 105984K, used 0K [0x000000076ab00000, 0x0000000771a00000, 0x00000007c0000000)
  eden space 98304K, 0% used [0x000000076ab00000,0x000000076ab00000,0x0000000770b00000)
  from space 7680K, 0% used [0x0000000770b00000,0x0000000770b00000,0x0000000771280000)
  to   space 7680K, 0% used [0x0000000771280000,0x0000000771280000,0x0000000771a00000)
 ParOldGen       total 95744K, used 14772K [0x00000006c0000000, 0x00000006c5d80000, 0x000000076ab00000)
  object space 95744K, 15% used [0x00000006c0000000,0x00000006c0e6d3c8,0x00000006c5d80000)
 Metaspace       used 20617K, capacity 21128K, committed 21296K, reserved 1069056K
  class space    used 2447K, capacity 2612K, committed 2688K, reserved 1048576K
}
Event: 3.881 GC heap before
{Heap before GC invocations=7 (full 1):
 PSYoungGen      total 105984K, used 98304K [0x000000076ab00000, 0x0000000771a00000, 0x00000007c0000000)
  eden space 98304K, 100% used [0x000000076ab00000,0x0000000770b00000,0x0000000770b00000)
  from space 7680K, 0% used [0x0000000770b00000,0x0000000770b00000,0x0000000771280000)
  to   space 7680K, 0% used [0x0000000771280000,0x0000000771280000,0x0000000771a00000)
 ParOldGen       total 95744K, used 14772K [0x00000006c0000000, 0x00000006c5d80000, 0x000000076ab00000)
  object space 95744K, 15% used [0x00000006c0000000,0x00000006c0e6d3c8,0x00000006c5d80000)
 Metaspace       used 22927K, capacity 23500K, committed 23680K, reserved 1071104K
  class space    used 2676K, capacity 2842K, committed 2944K, reserved 1048576K
Event: 3.896 GC heap after
Heap after GC invocations=7 (full 1):
 PSYoungGen      total 96256K, used 7662K [0x000000076ab00000, 0x0000000775b00000, 0x00000007c0000000)
  eden space 88576K, 0% used [0x000000076ab00000,0x000000076ab00000,0x0000000770180000)
  from space 7680K, 99% used [0x0000000771280000,0x00000007719fbaf8,0x0000000771a00000)
  to   space 17408K, 0% used [0x0000000770180000,0x0000000770180000,0x0000000771280000)
 ParOldGen       total 95744K, used 26277K [0x00000006c0000000, 0x00000006c5d80000, 0x000000076ab00000)
  object space 95744K, 27% used [0x00000006c0000000,0x00000006c19a9740,0x00000006c5d80000)
 Metaspace       used 22927K, capacity 23500K, committed 23680K, reserved 1071104K
  class space    used 2676K, capacity 2842K, committed 2944K, reserved 1048576K
}
Event: 4.912 GC heap before
{Heap before GC invocations=8 (full 1):
 PSYoungGen      total 96256K, used 96238K [0x000000076ab00000, 0x0000000775b00000, 0x00000007c0000000)
  eden space 88576K, 100% used [0x000000076ab00000,0x0000000770180000,0x0000000770180000)
  from space 7680K, 99% used [0x0000000771280000,0x00000007719fbaf8,0x0000000771a00000)
  to   space 17408K, 0% used [0x0000000770180000,0x0000000770180000,0x0000000771280000)
 ParOldGen       total 95744K, used 26277K [0x00000006c0000000, 0x00000006c5d80000, 0x000000076ab00000)
  object space 95744K, 27% used [0x00000006c0000000,0x00000006c19a9740,0x00000006c5d80000)
 Metaspace       used 30523K, capacity 31198K, committed 31360K, reserved 1077248K
  class space    used 3681K, capacity 3893K, committed 3968K, reserved 1048576K
Event: 4.922 GC heap after
Heap after GC invocations=8 (full 1):
 PSYoungGen      total 105984K, used 17396K [0x000000076ab00000, 0x0000000775080000, 0x00000007c0000000)
  eden space 88576K, 0% used [0x000000076ab00000,0x000000076ab00000,0x0000000770180000)
  from space 17408K, 99% used [0x0000000770180000,0x000000077127d2f0,0x0000000771280000)
  to   space 19968K, 0% used [0x0000000773d00000,0x0000000773d00000,0x0000000775080000)
 ParOldGen       total 95744K, used 26959K [0x00000006c0000000, 0x00000006c5d80000, 0x000000076ab00000)
  object space 95744K, 28% used [0x00000006c0000000,0x00000006c1a53ed8,0x00000006c5d80000)
 Metaspace       used 30523K, capacity 31198K, committed 31360K, reserved 1077248K
  class space    used 3681K, capacity 3893K, committed 3968K, reserved 1048576K
}
Event: 5.044 GC heap before
{Heap before GC invocations=9 (full 1):
 PSYoungGen      total 105984K, used 45877K [0x000000076ab00000, 0x0000000775080000, 0x00000007c0000000)
  eden space 88576K, 32% used [0x000000076ab00000,0x000000076c6d0440,0x0000000770180000)
  from space 17408K, 99% used [0x0000000770180000,0x000000077127d2f0,0x0000000771280000)
  to   space 19968K, 0% used [0x0000000773d00000,0x0000000773d00000,0x0000000775080000)
 ParOldGen       total 95744K, used 26959K [0x00000006c0000000, 0x00000006c5d80000, 0x000000076ab00000)
  object space 95744K, 28% used [0x00000006c0000000,0x00000006c1a53ed8,0x00000006c5d80000)
 Metaspace       used 34545K, capacity 35262K, committed 35456K, reserved 1081344K
  class space    used 4149K, capacity 4373K, committed 4480K, reserved 1048576K
Event: 5.050 GC heap after
Heap after GC invocations=9 (full 1):
 PSYoungGen      total 150016K, used 13318K [0x000000076ab00000, 0x0000000775b80000, 0x00000007c0000000)
  eden space 130048K, 0% used [0x000000076ab00000,0x000000076ab00000,0x0000000772a00000)
  from space 19968K, 66% used [0x0000000773d00000,0x0000000774a019c8,0x0000000775080000)
  to   space 19456K, 0% used [0x0000000772a00000,0x0000000772a00000,0x0000000773d00000)
 ParOldGen       total 95744K, used 26967K [0x00000006c0000000, 0x00000006c5d80000, 0x000000076ab00000)
  object space 95744K, 28% used [0x00000006c0000000,0x00000006c1a55ed8,0x00000006c5d80000)
 Metaspace       used 34545K, capacity 35262K, committed 35456K, reserved 1081344K
  class space    used 4149K, capacity 4373K, committed 4480K, reserved 1048576K
}
Event: 5.051 GC heap before
{Heap before GC invocations=10 (full 2):
 PSYoungGen      total 150016K, used 13318K [0x000000076ab00000, 0x0000000775b80000, 0x00000007c0000000)
  eden space 130048K, 0% used [0x000000076ab00000,0x000000076ab00000,0x0000000772a00000)
  from space 19968K, 66% used [0x0000000773d00000,0x0000000774a019c8,0x0000000775080000)
  to   space 19456K, 0% used [0x0000000772a00000,0x0000000772a00000,0x0000000773d00000)
 ParOldGen       total 95744K, used 26967K [0x00000006c0000000, 0x00000006c5d80000, 0x000000076ab00000)
  object space 95744K, 28% used [0x00000006c0000000,0x00000006c1a55ed8,0x00000006c5d80000)
 Metaspace       used 34545K, capacity 35262K, committed 35456K, reserved 1081344K
  class space    used 4149K, capacity 4373K, committed 4480K, reserved 1048576K
Event: 5.142 GC heap after
Heap after GC invocations=10 (full 2):
 PSYoungGen      total 150016K, used 0K [0x000000076ab00000, 0x0000000775b80000, 0x00000007c0000000)
  eden space 130048K, 0% used [0x000000076ab00000,0x000000076ab00000,0x0000000772a00000)
  from space 19968K, 0% used [0x0000000773d00000,0x0000000773d00000,0x0000000775080000)
  to   space 19456K, 0% used [0x0000000772a00000,0x0000000772a00000,0x0000000773d00000)
 ParOldGen       total 162304K, used 32640K [0x00000006c0000000, 0x00000006c9e80000, 0x000000076ab00000)
  object space 162304K, 20% used [0x00000006c0000000,0x00000006c1fe0148,0x00000006c9e80000)
 Metaspace       used 34545K, capacity 35262K, committed 35456K, reserved 1081344K
  class space    used 4149K, capacity 4373K, committed 4480K, reserved 1048576K
}

