# JRE version: Java(TM) SE Runtime Environment (8.0_261-b12) (build 1.8.0_261-b12)
# Java VM: Java HotSpot(TM) 64-Bit Server VM (25.261-b12 mixed mode windows-amd64 compressed oops)
Heap:
 PSYoungGen      total 249344K, used 56354K [0x000000076ab00000, 0x000000077c400000, 0x00000007c0000000)
  eden space 233472K, 17% used [0x000000076ab00000,0x000000076d304a50,0x0000000778f00000)
  from space 15872K, 96% used [0x000000077b480000,0x000000077c383e78,0x000000077c400000)
  to   space 26624K, 0% used [0x0000000779000000,0x0000000779000000,0x000000077aa00000)
 ParOldGen       total 255488K, used 57392K [0x00000006c0000000, 0x00000006cf980000, 0x000000076ab00000)
  object space 255488K, 22% used [0x00000006c0000000,0x00000006c380c000,0x00000006cf980000)
 Metaspace       used 68235K, capacity 69246K, committed 69464K, reserved 1110016K
  class space    used 8474K, capacity 8794K, committed 8832K, reserved 1048576K
GC Heap History (10 events):
Event: 4.743 GC heap before
{Heap before GC invocations=9 (full 2):
 PSYoungGen      total 204800K, used 17376K [0x000000076ab00000, 0x000000077a700000, 0x00000007c0000000)
  eden space 187392K, 0% used [0x000000076ab00000,0x000000076ab00000,0x0000000776200000)
  from space 17408K, 99% used [0x0000000776200000,0x00000007772f8058,0x0000000777300000)
  to   space 24064K, 0% used [0x0000000778f80000,0x0000000778f80000,0x000000077a700000)
 ParOldGen       total 95744K, used 29817K [0x00000006c0000000, 0x00000006c5d80000, 0x000000076ab00000)
  object space 95744K, 31% used [0x00000006c0000000,0x00000006c1d1e5a8,0x00000006c5d80000)
 Metaspace       used 34564K, capacity 35262K, committed 35456K, reserved 1081344K
  class space    used 4152K, capacity 4373K, committed 4480K, reserved 1048576K
Event: 4.824 GC heap after
Heap after GC invocations=9 (full 2):
 PSYoungGen      total 204800K, used 0K [0x000000076ab00000, 0x000000077a700000, 0x00000007c0000000)
  eden space 187392K, 0% used [0x000000076ab00000,0x000000076ab00000,0x0000000776200000)
  from space 17408K, 0% used [0x0000000776200000,0x0000000776200000,0x0000000777300000)
  to   space 24064K, 0% used [0x0000000778f80000,0x0000000778f80000,0x000000077a700000)
 ParOldGen       total 177664K, used 39923K [0x00000006c0000000, 0x00000006cad80000, 0x000000076ab00000)
  object space 177664K, 22% used [0x00000006c0000000,0x00000006c26fccc0,0x00000006cad80000)
 Metaspace       used 34564K, capacity 35262K, committed 35456K, reserved 1081344K
  class space    used 4152K, capacity 4373K, committed 4480K, reserved 1048576K
}
Event: 6.155 GC heap before
{Heap before GC invocations=10 (full 2):
 PSYoungGen      total 204800K, used 187392K [0x000000076ab00000, 0x000000077a700000, 0x00000007c0000000)
  eden space 187392K, 100% used [0x000000076ab00000,0x0000000776200000,0x0000000776200000)
  from space 17408K, 0% used [0x0000000776200000,0x0000000776200000,0x0000000777300000)
  to   space 24064K, 0% used [0x0000000778f80000,0x0000000778f80000,0x000000077a700000)
 ParOldGen       total 177664K, used 39923K [0x00000006c0000000, 0x00000006cad80000, 0x000000076ab00000)
  object space 177664K, 22% used [0x00000006c0000000,0x00000006c26fccc0,0x00000006cad80000)
 Metaspace       used 45752K, capacity 46642K, committed 46848K, reserved 1089536K
  class space    used 5602K, capacity 5856K, committed 5888K, reserved 1048576K
Event: 6.165 GC heap after
Heap after GC invocations=10 (full 2):
 PSYoungGen      total 234496K, used 15554K [0x000000076ab00000, 0x000000077c400000, 0x00000007c0000000)
  eden space 210432K, 0% used [0x000000076ab00000,0x000000076ab00000,0x0000000777880000)
  from space 24064K, 64% used [0x0000000778f80000,0x0000000779eb0a40,0x000000077a700000)
  to   space 23552K, 0% used [0x0000000777880000,0x0000000777880000,0x0000000778f80000)
 ParOldGen       total 177664K, used 39995K [0x00000006c0000000, 0x00000006cad80000, 0x000000076ab00000)
  object space 177664K, 22% used [0x00000006c0000000,0x00000006c270ecd0,0x00000006cad80000)
 Metaspace       used 45752K, capacity 46642K, committed 46848K, reserved 1089536K
  class space    used 5602K, capacity 5856K, committed 5888K, reserved 1048576K
}
Event: 9.069 GC heap before
{Heap before GC invocations=11 (full 2):
 PSYoungGen      total 234496K, used 198908K [0x000000076ab00000, 0x000000077c400000, 0x00000007c0000000)
  eden space 210432K, 87% used [0x000000076ab00000,0x0000000775e0e8c0,0x0000000777880000)
  from space 24064K, 64% used [0x0000000778f80000,0x0000000779eb0a40,0x000000077a700000)
  to   space 23552K, 0% used [0x0000000777880000,0x0000000777880000,0x0000000778f80000)
 ParOldGen       total 177664K, used 39995K [0x00000006c0000000, 0x00000006cad80000, 0x000000076ab00000)
  object space 177664K, 22% used [0x00000006c0000000,0x00000006c270ecd0,0x00000006cad80000)
 Metaspace       used 57789K, capacity 58766K, committed 59096K, reserved 1101824K
  class space    used 7112K, capacity 7395K, committed 7424K, reserved 1048576K
Event: 9.086 GC heap after
Heap after GC invocations=11 (full 2):
 PSYoungGen      total 233984K, used 23545K [0x000000076ab00000, 0x000000077d000000, 0x00000007c0000000)
  eden space 210432K, 0% used [0x000000076ab00000,0x000000076ab00000,0x0000000777880000)
  from space 23552K, 99% used [0x0000000777880000,0x0000000778f7e628,0x0000000778f80000)
  to   space 28160K, 0% used [0x000000077b480000,0x000000077b480000,0x000000077d000000)
 ParOldGen       total 177664K, used 44254K [0x00000006c0000000, 0x00000006cad80000, 0x000000076ab00000)
  object space 177664K, 24% used [0x00000006c0000000,0x00000006c2b37880,0x00000006cad80000)
 Metaspace       used 57789K, capacity 58766K, committed 59096K, reserved 1101824K
  class space    used 7112K, capacity 7395K, committed 7424K, reserved 1048576K
}
Event: 9.086 GC heap before
{Heap before GC invocations=12 (full 3):
 PSYoungGen      total 233984K, used 23545K [0x000000076ab00000, 0x000000077d000000, 0x00000007c0000000)
  eden space 210432K, 0% used [0x000000076ab00000,0x000000076ab00000,0x0000000777880000)
  from space 23552K, 99% used [0x0000000777880000,0x0000000778f7e628,0x0000000778f80000)
  to   space 28160K, 0% used [0x000000077b480000,0x000000077b480000,0x000000077d000000)
 ParOldGen       total 177664K, used 44254K [0x00000006c0000000, 0x00000006cad80000, 0x000000076ab00000)
  object space 177664K, 24% used [0x00000006c0000000,0x00000006c2b37880,0x00000006cad80000)
 Metaspace       used 57789K, capacity 58766K, committed 59096K, reserved 1101824K
  class space    used 7112K, capacity 7395K, committed 7424K, reserved 1048576K
Event: 9.296 GC heap after
Heap after GC invocations=12 (full 3):
 PSYoungGen      total 233984K, used 0K [0x000000076ab00000, 0x000000077d000000, 0x00000007c0000000)
  eden space 210432K, 0% used [0x000000076ab00000,0x000000076ab00000,0x0000000777880000)
  from space 23552K, 0% used [0x0000000777880000,0x0000000777880000,0x0000000778f80000)
  to   space 28160K, 0% used [0x000000077b480000,0x000000077b480000,0x000000077d000000)
 ParOldGen       total 255488K, used 57384K [0x00000006c0000000, 0x00000006cf980000, 0x000000076ab00000)
  object space 255488K, 22% used [0x00000006c0000000,0x00000006c380a000,0x00000006cf980000)
 Metaspace       used 57789K, capacity 58766K, committed 59096K, reserved 1101824K
  class space    used 7112K, capacity 7395K, committed 7424K, reserved 1048576K
}
Event: 21.309 GC heap before
{Heap before GC invocations=13 (full 3):
 PSYoungGen      total 233984K, used 210432K [0x000000076ab00000, 0x000000077d000000, 0x00000007c0000000)
  eden space 210432K, 100% used [0x000000076ab00000,0x0000000777880000,0x0000000777880000)
  from space 23552K, 0% used [0x0000000777880000,0x0000000777880000,0x0000000778f80000)
  to   space 28160K, 0% used [0x000000077b480000,0x000000077b480000,0x000000077d000000)
 ParOldGen       total 255488K, used 57384K [0x00000006c0000000, 0x00000006cf980000, 0x000000076ab00000)
  object space 255488K, 22% used [0x00000006c0000000,0x00000006c380a000,0x00000006cf980000)
 Metaspace       used 67648K, capacity 68690K, committed 69080K, reserved 1110016K
  class space    used 8387K, capacity 8695K, committed 8704K, reserved 1048576K
Event: 21.327 GC heap after
Heap after GC invocations=13 (full 3):
 PSYoungGen      total 249344K, used 15375K [0x000000076ab00000, 0x000000077c400000, 0x00000007c0000000)
  eden space 233472K, 0% used [0x000000076ab00000,0x000000076ab00000,0x0000000778f00000)
  from space 15872K, 96% used [0x000000077b480000,0x000000077c383e78,0x000000077c400000)
  to   space 26624K, 0% used [0x0000000779000000,0x0000000779000000,0x000000077aa00000)
 ParOldGen       total 255488K, used 57392K [0x00000006c0000000, 0x00000006cf980000, 0x000000076ab00000)
  object space 255488K, 22% used [0x00000006c0000000,0x00000006c380c000,0x00000006cf980000)
 Metaspace       used 67648K, capacity 68690K, committed 69080K, reserved 1110016K
  class space    used 8387K, capacity 8695K, committed 8704K, reserved 1048576K
}

